Daily activity on Sat May  3 23:44:04 UTC 2025
Daily activity on Sun May  4 06:19:57 UTC 2025
Daily activity on Sun May  4 18:23:28 UTC 2025
Daily activity on Mon May  5 06:22:07 UTC 2025
Daily activity on Tue May  6 06:21:13 UTC 2025
Daily activity on Wed May  7 06:21:29 UTC 2025
Daily activity on Thu May  8 06:22:06 UTC 2025
Daily activity on Fri May  9 06:21:44 UTC 2025
Daily activity on Sat May 10 06:18:41 UTC 2025
Daily activity on Sun May 11 06:19:44 UTC 2025
Daily activity on Mon May 12 06:22:28 UTC 2025
Daily activity on Tue May 13 06:21:34 UTC 2025
Daily activity on Wed May 14 06:21:28 UTC 2025
Daily activity on Thu May 15 06:22:14 UTC 2025
Daily activity on Fri May 16 06:21:49 UTC 2025
Daily activity on Sat May 17 06:19:37 UTC 2025
Daily activity on Sun May 18 06:20:07 UTC 2025
Daily activity on Mon May 19 06:22:42 UTC 2025
Daily activity on Tue May 20 06:22:11 UTC 2025
Daily activity on Wed May 21 06:22:08 UTC 2025
Daily activity on Thu May 22 06:22:00 UTC 2025
Daily activity on Fri May 23 06:21:32 UTC 2025
Daily activity on Sat May 24 06:19:04 UTC 2025
Daily activity on Sun May 25 06:19:39 UTC 2025
Daily activity on Mon May 26 06:22:58 UTC 2025
Daily activity on Tue May 27 06:21:43 UTC 2025
Daily activity on Wed May 28 06:22:04 UTC 2025
Daily activity on Thu May 29 06:22:13 UTC 2025
Daily activity on Fri May 30 06:21:30 UTC 2025
Daily activity on Sat May 31 06:19:56 UTC 2025
Daily activity on Sun Jun  1 06:20:53 UTC 2025
Daily activity on Mon Jun  2 06:23:25 UTC 2025
Daily activity on Tue Jun  3 06:22:33 UTC 2025
Daily activity on Wed Jun  4 06:22:16 UTC 2025
Daily activity on Thu Jun  5 06:22:58 UTC 2025
Daily activity on Fri Jun  6 06:22:44 UTC 2025
Daily activity on Sat Jun  7 06:19:53 UTC 2025
Daily activity on Sun Jun  8 06:21:02 UTC 2025
Daily activity on Mon Jun  9 06:23:46 UTC 2025
